生成启动时间为 2022/7/4 16:28:12。
项目“C:\Users\Coolest\Desktop\ustb_course\C++Study\cxkVsBasketball\cxkVsBasketball\SourceCode\VCProject2012\VCProject2012\VCProject2012.vcxproj”在节点 2 上(rebuild 个目标)。
_PrepareForClean:
  正在删除文件“Debug\VCProject2012.lastbuildstate”。
InitializeBuildStatus:
  正在对“Debug\VCProject2012.unsuccessfulbuild”执行 Touch 任务。
ClCompile:
  c:\Program Files (x86)\Microsoft Visual Studio 10.0\VC\bin\CL.exe /c /I../../Header /ZI /nologo /W3 /WX- /Od /Oy- /D WIN32 /D _DEBUG /D _WINDOWS /Gm /EHsc /RTC1 /MDd /GS /fp:precise /Zc:wchar_t /Zc:forScope /Fo"Debug\\" /Fd"Debug\vc100.pdb" /Gd /TP /analyze- /errorReport:prompt ..\..\Src\LessonX.cpp ..\..\Src\Main.cpp
  Main.cpp
  LessonX.cpp
  正在生成代码...
ResourceCompile:
  c:\Program Files (x86)\Microsoft SDKs\Windows\v7.0A\bin\rc.exe /l"0x0409" /nologo /fo"Debug\VCTemplate.res" VCTemplate.rc 
Link:
  c:\Program Files (x86)\Microsoft Visual Studio 10.0\VC\bin\link.exe /ERRORREPORT:PROMPT /OUT:"..\..\..\Bin\Game.exe" /INCREMENTAL:NO /NOLOGO Winmm.lib ..\..\Src\CommonClass_2010.Lib kernel32.lib user32.lib gdi32.lib winspool.lib comdlg32.lib advapi32.lib shell32.lib ole32.lib oleaut32.lib uuid.lib odbc32.lib odbccp32.lib /MANIFEST:NO /DEBUG /PDB:"Debug\Game.pdb" /SUBSYSTEM:WINDOWS /TLBID:1 /DYNAMICBASE /NXCOMPAT /IMPLIB:"..\..\..\Bin\Game.lib" /MACHINE:X86 Debug\VCTemplate.res
  Debug\LessonX.obj
  Debug\Main.obj
LessonX.obj : warning LNK4075: 忽略“/EDITANDCONTINUE”(由于“/INCREMENTAL:NO”规范)
LINK : warning LNK4098: 默认库“LIBCMT”与其他库的使用冲突；请使用 /NODEFAULTLIB:library
CommonClass_2010.Lib(CommonClass.obj) : warning LNK4204: “C:\Users\Coolest\Desktop\ustb_course\C++Study\cxkVsBasketball\cxkVsBasketball\SourceCode\VCProject2012\VCProject2012\Debug\vc100.pdb”缺少引用模块的调试信息；正在链接对象，如同没有调试信息一样
  VCProject2012.vcxproj -> C:\Users\Coolest\Desktop\ustb_course\C++Study\cxkVsBasketball\cxkVsBasketball\SourceCode\VCProject2012\VCProject2012\..\..\..\Bin\Game.exe
CopyFilesToOutputDirectory:
  正在将文件从“Debug\Game.pdb”复制到“..\..\..\Bin\Game.pdb”。
FinalizeBuildStatus:
  正在删除文件“Debug\VCProject2012.unsuccessfulbuild”。
  正在对“Debug\VCProject2012.lastbuildstate”执行 Touch 任务。
已完成生成项目“C:\Users\Coolest\Desktop\ustb_course\C++Study\cxkVsBasketball\cxkVsBasketball\SourceCode\VCProject2012\VCProject2012\VCProject2012.vcxproj”(rebuild 个目标)的操作。

生成成功。

已用时间 00:00:02.07
