//-------------------------- 7/6/2022 -- 09:58:24 -----
Processor Init:
   Intel Pentium II, ~2.47 Ghz
     (timed at roughly 2.47 Ghz)
   FPU detected
   MMX detected
   SSE detected
 
Math Init:
   Installing Standard C extensions
   Installing Assembly extensions
   Installing FPU extensions
   Installing MMX extensions
   Installing SSE extensions
 
Input Init:
   DirectInput enabled.

Initializing chunk mappings...
   o 'TEXT' maps to TextChunk
   o 'SCHK' maps to UnknownChunk
   o 'SCHK' maps to SimChunk
Loading compiled script F:/File/上课作业与笔记/B站大学/北科大蹭课/第一周/output/cxkVsBasketball/cxkVsBasketball/Bin/common/main.cs.
Loading compiled script F:/File/上课作业与笔记/B站大学/北科大蹭课/第一周/output/cxkVsBasketball/cxkVsBasketball/Bin/game/main.cs.
 % - Initializing Common
Loading compiled script F:/File/上课作业与笔记/B站大学/北科大蹭课/第一周/output/cxkVsBasketball/cxkVsBasketball/Bin/common/preferences/defaultPrefs.cs.
Reading Display Device information...
   Primary Display Device Found:
      Vendor Id: VEN_0000
      Device Id: DEV_0000

Using OpenGL rendering. Fullscreen: 0

Loading compiled script F:/File/上课作业与笔记/B站大学/北科大蹭课/第一周/output/cxkVsBasketball/cxkVsBasketball/Bin/common/gameScripts/xml.cs.
Loading compiled script F:/File/上课作业与笔记/B站大学/北科大蹭课/第一周/output/cxkVsBasketball/cxkVsBasketball/Bin/common/gameScripts/properties.cs.
Loading compiled script F:/File/上课作业与笔记/B站大学/北科大蹭课/第一周/output/cxkVsBasketball/cxkVsBasketball/Bin/common/gameScripts/common.cs.
Loading compiled script F:/File/上课作业与笔记/B站大学/北科大蹭课/第一周/output/cxkVsBasketball/cxkVsBasketball/Bin/common/gameScripts/audio.cs.
Loading compiled script F:/File/上课作业与笔记/B站大学/北科大蹭课/第一周/output/cxkVsBasketball/cxkVsBasketball/Bin/common/gameScripts/canvas.cs.
Loading compiled script F:/File/上课作业与笔记/B站大学/北科大蹭课/第一周/output/cxkVsBasketball/cxkVsBasketball/Bin/common/gameScripts/cursor.cs.
Video Init:
   Accelerated OpenGL display device detected.
   Accelerated D3D device not detected.
   Voodoo 2 display device not detected.

Activating the OpenGL display device...
Activating the OpenGL display device...
Setting screen mode to 320x320x32 (w)...
Creating a new window...
Acquiring a new device context...
Pixel format set:
  32 color bits, 24 depth bits, 8 stencil bits
Creating a new rendering context...
Making the new rendering context current...
OpenGL driver information:
  Vendor: Intel
  Renderer: Intel(R) UHD Graphics
  Version: 4.6.0 - Build 27.20.100.9664
OpenGL Init: Enabled Extensions
  ARB_multitexture (Max Texture Units: 8)
  EXT_blend_color
  EXT_blend_minmax
  EXT_compiled_vertex_array
  EXT_texture_env_combine
  EXT_packed_pixels
  EXT_fog_coord
  ARB_texture_compression
  EXT_texture_compression_s3tc
  3DFX_texture_compression_FXT1
  (ARB|EXT)_texture_env_add
  EXT_texture_filter_anisotropic (Max anisotropy: 16)
  WGL_EXT_swap_control
OpenGL Init: Disabled Extensions
  EXT_paletted_texture
  NV_vertex_array_range

Max Texture Size reported as: 16384
Setting screen mode to 1067x600x32 (w)...
OpenAL Driver Init:
   Failed to initialize driver.
Loading compiled script F:/File/上课作业与笔记/B站大学/北科大蹭课/第一周/output/cxkVsBasketball/cxkVsBasketball/Bin/common/gui/profiles.cs.
Loading compiled script F:/File/上课作业与笔记/B站大学/北科大蹭课/第一周/output/cxkVsBasketball/cxkVsBasketball/Bin/common/gui/cursors.cs.
Loading compiled script F:/File/上课作业与笔记/B站大学/北科大蹭课/第一周/output/cxkVsBasketball/cxkVsBasketball/Bin/common/gui/messageBoxOk.gui.
Loading compiled script F:/File/上课作业与笔记/B站大学/北科大蹭课/第一周/output/cxkVsBasketball/cxkVsBasketball/Bin/common/gui/messageBoxYesNo.gui.
Loading compiled script F:/File/上课作业与笔记/B站大学/北科大蹭课/第一周/output/cxkVsBasketball/cxkVsBasketball/Bin/common/gui/messageBoxYesNoCancel.gui.
Loading compiled script F:/File/上课作业与笔记/B站大学/北科大蹭课/第一周/output/cxkVsBasketball/cxkVsBasketball/Bin/common/gui/messageBoxOKCancel.gui.
Loading compiled script F:/File/上课作业与笔记/B站大学/北科大蹭课/第一周/output/cxkVsBasketball/cxkVsBasketball/Bin/common/gui/messageBoxOKCancelDetailsDlg.gui.
Loading compiled script F:/File/上课作业与笔记/B站大学/北科大蹭课/第一周/output/cxkVsBasketball/cxkVsBasketball/Bin/common/gui/messagePopup.gui.
Loading compiled script F:/File/上课作业与笔记/B站大学/北科大蹭课/第一周/output/cxkVsBasketball/cxkVsBasketball/Bin/common/gui/options.gui.
Loading compiled script F:/File/上课作业与笔记/B站大学/北科大蹭课/第一周/output/cxkVsBasketball/cxkVsBasketball/Bin/common/gui/remap.gui.
Loading compiled script F:/File/上课作业与笔记/B站大学/北科大蹭课/第一周/output/cxkVsBasketball/cxkVsBasketball/Bin/common/gui/console.gui.
Loading compiled script F:/File/上课作业与笔记/B站大学/北科大蹭课/第一周/output/cxkVsBasketball/cxkVsBasketball/Bin/common/gui/NetworkMenu.gui.
Loading compiled script F:/File/上课作业与笔记/B站大学/北科大蹭课/第一周/output/cxkVsBasketball/cxkVsBasketball/Bin/common/gui/startServer.gui.
Loading compiled script F:/File/上课作业与笔记/B站大学/北科大蹭课/第一周/output/cxkVsBasketball/cxkVsBasketball/Bin/common/gui/joinServer.gui.
Loading compiled script F:/File/上课作业与笔记/B站大学/北科大蹭课/第一周/output/cxkVsBasketball/cxkVsBasketball/Bin/common/gui/waitingForServer.gui.
Loading compiled script F:/File/上课作业与笔记/B站大学/北科大蹭课/第一周/output/cxkVsBasketball/cxkVsBasketball/Bin/common/gui/helpDlg.gui.
Loading compiled script F:/File/上课作业与笔记/B站大学/北科大蹭课/第一周/output/cxkVsBasketball/cxkVsBasketball/Bin/common/gui/messageBox.cs.
Loading compiled script F:/File/上课作业与笔记/B站大学/北科大蹭课/第一周/output/cxkVsBasketball/cxkVsBasketball/Bin/common/gui/help.cs.
Loading compiled script F:/File/上课作业与笔记/B站大学/北科大蹭课/第一周/output/cxkVsBasketball/cxkVsBasketball/Bin/common/gui/chatGui.gui.
Loading compiled script F:/File/上课作业与笔记/B站大学/北科大蹭课/第一周/output/cxkVsBasketball/cxkVsBasketball/Bin/common/gameScripts/screenshot.cs.
Loading compiled script F:/File/上课作业与笔记/B站大学/北科大蹭课/第一周/output/cxkVsBasketball/cxkVsBasketball/Bin/common/gameScripts/metrics.cs.
Loading compiled script F:/File/上课作业与笔记/B站大学/北科大蹭课/第一周/output/cxkVsBasketball/cxkVsBasketball/Bin/common/Gui/FrameOverlayGui.gui.
Loading compiled script F:/File/上课作业与笔记/B站大学/北科大蹭课/第一周/output/cxkVsBasketball/cxkVsBasketball/Bin/common/gameScripts/scriptDoc.cs.
Loading compiled script F:/File/上课作业与笔记/B站大学/北科大蹭课/第一周/output/cxkVsBasketball/cxkVsBasketball/Bin/common/gameScripts/keybindings.cs.
Loading compiled script F:/File/上课作业与笔记/B站大学/北科大蹭课/第一周/output/cxkVsBasketball/cxkVsBasketball/Bin/common/gameScripts/options.cs.
Loading compiled script F:/File/上课作业与笔记/B站大学/北科大蹭课/第一周/output/cxkVsBasketball/cxkVsBasketball/Bin/common/gameScripts/levelManagement.cs.
Loading compiled script F:/File/上课作业与笔记/B站大学/北科大蹭课/第一周/output/cxkVsBasketball/cxkVsBasketball/Bin/common/gameScripts/projectManagement.cs.
Loading compiled script F:/File/上课作业与笔记/B站大学/北科大蹭课/第一周/output/cxkVsBasketball/cxkVsBasketball/Bin/common/gameScripts/projectResources.cs.
Loading compiled script F:/File/上课作业与笔记/B站大学/北科大蹭课/第一周/output/cxkVsBasketball/cxkVsBasketball/Bin/common/gameScripts/align.cs.

FunCode (v1.7.5) initialized...
Loading compiled script F:/File/上课作业与笔记/B站大学/北科大蹭课/第一周/output/cxkVsBasketball/cxkVsBasketball/Bin/game/managed/datablocks.cs.
Loading compiled script F:/File/上课作业与笔记/B站大学/北科大蹭课/第一周/output/cxkVsBasketball/cxkVsBasketball/Bin/game/managed/persistent.cs.
Loading compiled script F:/File/上课作业与笔记/B站大学/北科大蹭课/第一周/output/cxkVsBasketball/cxkVsBasketball/Bin/game/managed/brushes.cs.
Loading compiled script F:/File/上课作业与笔记/B站大学/北科大蹭课/第一周/output/cxkVsBasketball/cxkVsBasketball/Bin/game/gui/mainScreen.gui.
Loading compiled script F:/File/上课作业与笔记/B站大学/北科大蹭课/第一周/output/cxkVsBasketball/cxkVsBasketball/Bin/game/gameScripts/game.cs.
Activating DirectInput...
DirectInput joystick failed to enable!
Compiling F:/File/上课作业与笔记/B站大学/北科大蹭课/第一周/output/cxkVsBasketball/cxkVsBasketball/Bin/game/data/levels/main.t2d...
Loading compiled script F:/File/上课作业与笔记/B站大学/北科大蹭课/第一周/output/cxkVsBasketball/cxkVsBasketball/Bin/game/data/levels/main.t2d.
DirectInput deactivated.
