C:\USERS\COOLEST\DESKTOP\USTB_COURSE\C++STUDY\CXKVSBASKETBALL\CXKVSBASKETBALL\BIN\GAME.EXE
C:\USERS\COOLEST\DESKTOP\USTB_COURSE\C++STUDY\CXKVSBASKETBALL\CXKVSBASKETBALL\SOURCECODE\VCPROJECT2012\VCPROJECT2012\RELEASE\GAME.PDB
C:\USERS\COOLEST\DESKTOP\USTB_COURSE\C++STUDY\CXKVSBASKETBALL\CXKVSBASKETBALL\SOURCECODE\VCPROJECT2012\VCPROJECT2012\RELEASE\LESSONX.OBJ
C:\USERS\COOLEST\DESKTOP\USTB_COURSE\C++STUDY\CXKVSBASKETBALL\CXKVSBASKETBALL\SOURCECODE\VCPROJECT2012\VCPROJECT2012\RELEASE\LINKEDLIST.OBJ
C:\USERS\COOLEST\DESKTOP\USTB_COURSE\C++STUDY\CXKVSBASKETBALL\CXKVSBASKETBALL\SOURCECODE\VCPROJECT2012\VCPROJECT2012\RELEASE\MAIN.OBJ
C:\USERS\COOLEST\DESKTOP\USTB_COURSE\C++STUDY\CXKVSBASKETBALL\CXKVSBASKETBALL\SOURCECODE\VCPROJECT2012\VCPROJECT2012\RELEASE\VC100.PDB
C:\USERS\COOLEST\DESKTOP\USTB_COURSE\C++STUDY\CXKVSBASKETBALL\CXKVSBASKETBALL\SOURCECODE\VCPROJECT2012\VCPROJECT2012\RELEASE\VCTEMPLATE.RES
C:\Users\Coolest\Desktop\ustb_course\C++Study\cxkVsBasketball_rel2\cxkVsBasketball\SourceCode\VCProject2012\VCProject2012\..\..\..\Bin\Game.exe
C:\Users\Coolest\Desktop\ustb_course\C++Study\cxkVsBasketball_rel2\cxkVsBasketball\SourceCode\VCProject2012\VCProject2012\Release\cl.command.1.tlog
C:\Users\Coolest\Desktop\ustb_course\C++Study\cxkVsBasketball_rel2\cxkVsBasketball\SourceCode\VCProject2012\VCProject2012\Release\CL.read.1.tlog
C:\Users\Coolest\Desktop\ustb_course\C++Study\cxkVsBasketball_rel2\cxkVsBasketball\SourceCode\VCProject2012\VCProject2012\Release\CL.write.1.tlog
C:\Users\Coolest\Desktop\ustb_course\C++Study\cxkVsBasketball_rel2\cxkVsBasketball\SourceCode\VCProject2012\VCProject2012\Release\Game.pdb
C:\Users\Coolest\Desktop\ustb_course\C++Study\cxkVsBasketball_rel2\cxkVsBasketball\SourceCode\VCProject2012\VCProject2012\Release\LessonX.obj
C:\Users\Coolest\Desktop\ustb_course\C++Study\cxkVsBasketball_rel2\cxkVsBasketball\SourceCode\VCProject2012\VCProject2012\Release\link.command.1.tlog
C:\Users\Coolest\Desktop\ustb_course\C++Study\cxkVsBasketball_rel2\cxkVsBasketball\SourceCode\VCProject2012\VCProject2012\Release\link.read.1.tlog
C:\Users\Coolest\Desktop\ustb_course\C++Study\cxkVsBasketball_rel2\cxkVsBasketball\SourceCode\VCProject2012\VCProject2012\Release\link.write.1.tlog
C:\Users\Coolest\Desktop\ustb_course\C++Study\cxkVsBasketball_rel2\cxkVsBasketball\SourceCode\VCProject2012\VCProject2012\Release\link-cvtres.read.1.tlog
C:\Users\Coolest\Desktop\ustb_course\C++Study\cxkVsBasketball_rel2\cxkVsBasketball\SourceCode\VCProject2012\VCProject2012\Release\link-cvtres.write.1.tlog
C:\Users\Coolest\Desktop\ustb_course\C++Study\cxkVsBasketball_rel2\cxkVsBasketball\SourceCode\VCProject2012\VCProject2012\Release\LinkedList.obj
C:\Users\Coolest\Desktop\ustb_course\C++Study\cxkVsBasketball_rel2\cxkVsBasketball\SourceCode\VCProject2012\VCProject2012\Release\Main.obj
C:\Users\Coolest\Desktop\ustb_course\C++Study\cxkVsBasketball_rel2\cxkVsBasketball\SourceCode\VCProject2012\VCProject2012\Release\rc.command.1.tlog
C:\Users\Coolest\Desktop\ustb_course\C++Study\cxkVsBasketball_rel2\cxkVsBasketball\SourceCode\VCProject2012\VCProject2012\Release\rc.read.1.tlog
C:\Users\Coolest\Desktop\ustb_course\C++Study\cxkVsBasketball_rel2\cxkVsBasketball\SourceCode\VCProject2012\VCProject2012\Release\rc.write.1.tlog
C:\Users\Coolest\Desktop\ustb_course\C++Study\cxkVsBasketball_rel2\cxkVsBasketball\SourceCode\VCProject2012\VCProject2012\Release\vc100.pdb
C:\Users\Coolest\Desktop\ustb_course\C++Study\cxkVsBasketball_rel2\cxkVsBasketball\SourceCode\VCProject2012\VCProject2012\Release\VCProject2012.vcxprojResolveAssemblyReference.cache
C:\Users\Coolest\Desktop\ustb_course\C++Study\cxkVsBasketball_rel2\cxkVsBasketball\SourceCode\VCProject2012\VCProject2012\Release\VCProject2012.write.1.tlog
C:\Users\Coolest\Desktop\ustb_course\C++Study\cxkVsBasketball_rel2\cxkVsBasketball\SourceCode\VCProject2012\VCProject2012\Release\VCTemplate.res
